{"synthetic": false,
 "schemaVersion": "2025-09-10",
 "outputs":
 {"o": ["17989d979612cba9.olean"],
  "i": "4720297c5b3b1d56.ilean",
  "c": "160c0d3b0da94533.c"},
 "log":
 [{"message":
   ".> LEAN_PATH=/Users/williamcochran/Desktop/measurement/lean/.lake/packages/Cli/.lake/build/lib/lean:/Users/williamcochran/Desktop/measurement/lean/.lake/packages/batteries/.lake/build/lib/lean:/Users/williamcochran/Desktop/measurement/lean/.lake/packages/Qq/.lake/build/lib/lean:/Users/williamcochran/Desktop/measurement/lean/.lake/packages/aesop/.lake/build/lib/lean:/Users/williamcochran/Desktop/measurement/lean/.lake/packages/proofwidgets/.lake/build/lib/lean:/Users/williamcochran/Desktop/measurement/lean/.lake/packages/importGraph/.lake/build/lib/lean:/Users/williamcochran/Desktop/measurement/lean/.lake/packages/LeanSearchClient/.lake/build/lib/lean:/Users/williamcochran/Desktop/measurement/lean/.lake/packages/plausible/.lake/build/lib/lean:/Users/williamcochran/Desktop/measurement/lean/.lake/packages/mathlib/.lake/build/lib/lean:/Users/williamcochran/Desktop/measurement/lean/.lake/build/lib/lean /Users/williamcochran/.elan/toolchains/leanprover--lean4---v4.27.0-rc1/bin/lean /Users/williamcochran/Desktop/measurement/lean/Measurement/Chapter3/Constructions.lean -o /Users/williamcochran/Desktop/measurement/lean/.lake/build/lib/lean/Measurement/Chapter3/Constructions.olean -i /Users/williamcochran/Desktop/measurement/lean/.lake/build/lib/lean/Measurement/Chapter3/Constructions.ilean -c /Users/williamcochran/Desktop/measurement/lean/.lake/build/ir/Measurement/Chapter3/Constructions.c --setup /Users/williamcochran/Desktop/measurement/lean/.lake/build/ir/Measurement/Chapter3/Constructions.setup.json --json",
   "level": "trace"}],
 "inputs":
 [["Measurement.Chapter3.Constructions:deps",
   [["deps",
     [["measurement/Measurement:extraDep",
       [["@measurement:extraDep", "00000000000006bb"]]],
      ["imports",
       [["Measurement.Chapter3.ZFC transitive imports (legacy)",
         "58509c4449dccd6d"],
        ["Measurement.Chapter3.ZFC:importAllArts", "c3d168a01d03303e"]]]]],
    ["libs",
     [["import dynlibs", "00000000000006bb"],
      ["package external libraries", "00000000000006bb"],
      ["module dynlibs", "00000000000006bb"],
      ["module plugins", "00000000000006bb"]]]]],
  ["Lean 4.27.0, commit 2fcce7258eeb6e324366bc25f9058293b04b7547",
   "6f43b597efea5d4c"],
  ["/Users/williamcochran/Desktop/measurement/lean/Measurement/Chapter3/Constructions.lean",
   "b723fd80ec7e19dc"],
  ["options", "00000000000006bb"],
  ["Module.leanArgs: #[]", "00000000000006bb"]],
 "depHash": "cbfb4a410ec1a74c"}