{"synthetic": false,
 "schemaVersion": "2025-09-10",
 "outputs":
 {"o": ["2c63c7d4af93b351.olean"],
  "i": "7b78b386f9bee7b6.ilean",
  "c": "a2b912652334eaf8.c"},
 "log":
 [{"message":
   ".> LEAN_PATH=/Users/williamcochran/Desktop/measurement/lean/.lake/packages/Cli/.lake/build/lib/lean:/Users/williamcochran/Desktop/measurement/lean/.lake/packages/batteries/.lake/build/lib/lean:/Users/williamcochran/Desktop/measurement/lean/.lake/packages/Qq/.lake/build/lib/lean:/Users/williamcochran/Desktop/measurement/lean/.lake/packages/aesop/.lake/build/lib/lean:/Users/williamcochran/Desktop/measurement/lean/.lake/packages/proofwidgets/.lake/build/lib/lean:/Users/williamcochran/Desktop/measurement/lean/.lake/packages/importGraph/.lake/build/lib/lean:/Users/williamcochran/Desktop/measurement/lean/.lake/packages/LeanSearchClient/.lake/build/lib/lean:/Users/williamcochran/Desktop/measurement/lean/.lake/packages/plausible/.lake/build/lib/lean:/Users/williamcochran/Desktop/measurement/lean/.lake/packages/mathlib/.lake/build/lib/lean:/Users/williamcochran/Desktop/measurement/lean/.lake/build/lib/lean /Users/williamcochran/.elan/toolchains/leanprover--lean4---v4.27.0-rc1/bin/lean /Users/williamcochran/Desktop/measurement/lean/Measurement/Chapter1/Axioms.lean -o /Users/williamcochran/Desktop/measurement/lean/.lake/build/lib/lean/Measurement/Chapter1/Axioms.olean -i /Users/williamcochran/Desktop/measurement/lean/.lake/build/lib/lean/Measurement/Chapter1/Axioms.ilean -c /Users/williamcochran/Desktop/measurement/lean/.lake/build/ir/Measurement/Chapter1/Axioms.c --setup /Users/williamcochran/Desktop/measurement/lean/.lake/build/ir/Measurement/Chapter1/Axioms.setup.json --json",
   "level": "trace"}],
 "inputs":
 [["Measurement.Chapter1.Axioms:deps",
   [["deps",
     [["measurement/Measurement:extraDep",
       [["@measurement:extraDep", "00000000000006bb"]]],
      ["imports",
       [["Measurement.Chapter1.Definitions transitive imports (legacy)",
         "81df5483b7212c2c"],
        ["Measurement.Chapter1.Definitions:importAllArts",
         "7c0dba3e725c1278"]]]]],
    ["libs",
     [["import dynlibs", "00000000000006bb"],
      ["package external libraries", "00000000000006bb"],
      ["module dynlibs", "00000000000006bb"],
      ["module plugins", "00000000000006bb"]]]]],
  ["Lean 4.27.0, commit 2fcce7258eeb6e324366bc25f9058293b04b7547",
   "6f43b597efea5d4c"],
  ["/Users/williamcochran/Desktop/measurement/lean/Measurement/Chapter1/Axioms.lean",
   "d55b3d9a450768ce"],
  ["options", "00000000000006bb"],
  ["Module.leanArgs: #[]", "00000000000006bb"]],
 "depHash": "0e00074299f08680"}