{"synthetic": false,
 "schemaVersion": "2025-09-10",
 "outputs":
 {"o": ["53061f64d15cec66.olean"],
  "i": "c8ff8c7a63446a8e.ilean",
  "c": "af11b45eb0ab752f.c"},
 "log":
 [{"message":
   ".> LEAN_PATH=/Users/williamcochran/Desktop/measurement/lean/.lake/packages/Cli/.lake/build/lib/lean:/Users/williamcochran/Desktop/measurement/lean/.lake/packages/batteries/.lake/build/lib/lean:/Users/williamcochran/Desktop/measurement/lean/.lake/packages/Qq/.lake/build/lib/lean:/Users/williamcochran/Desktop/measurement/lean/.lake/packages/aesop/.lake/build/lib/lean:/Users/williamcochran/Desktop/measurement/lean/.lake/packages/proofwidgets/.lake/build/lib/lean:/Users/williamcochran/Desktop/measurement/lean/.lake/packages/importGraph/.lake/build/lib/lean:/Users/williamcochran/Desktop/measurement/lean/.lake/packages/LeanSearchClient/.lake/build/lib/lean:/Users/williamcochran/Desktop/measurement/lean/.lake/packages/plausible/.lake/build/lib/lean:/Users/williamcochran/Desktop/measurement/lean/.lake/packages/mathlib/.lake/build/lib/lean:/Users/williamcochran/Desktop/measurement/lean/.lake/build/lib/lean /Users/williamcochran/.elan/toolchains/leanprover--lean4---v4.27.0-rc1/bin/lean /Users/williamcochran/Desktop/measurement/lean/Measurement/Chapter1/Propositions.lean -o /Users/williamcochran/Desktop/measurement/lean/.lake/build/lib/lean/Measurement/Chapter1/Propositions.olean -i /Users/williamcochran/Desktop/measurement/lean/.lake/build/lib/lean/Measurement/Chapter1/Propositions.ilean -c /Users/williamcochran/Desktop/measurement/lean/.lake/build/ir/Measurement/Chapter1/Propositions.c --setup /Users/williamcochran/Desktop/measurement/lean/.lake/build/ir/Measurement/Chapter1/Propositions.setup.json --json",
   "level": "trace"},
  {"message":
   "Measurement/Chapter1/Propositions.lean:42:42: unused variable `L`\n\nNote: This linter can be disabled with `set_option linter.unusedVariables false`",
   "level": "warning"}],
 "inputs":
 [["Measurement.Chapter1.Propositions:deps",
   [["deps",
     [["measurement/Measurement:extraDep",
       [["@measurement:extraDep", "00000000000006bb"]]],
      ["imports",
       [["Measurement.Chapter1.Axioms transitive imports (legacy)",
         "70692a49a1716675"],
        ["Measurement.Chapter1.Axioms:importAllArts", "e9fee4689e7c9b0e"]]]]],
    ["libs",
     [["import dynlibs", "00000000000006bb"],
      ["package external libraries", "00000000000006bb"],
      ["module dynlibs", "00000000000006bb"],
      ["module plugins", "00000000000006bb"]]]]],
  ["Lean 4.27.0, commit 2fcce7258eeb6e324366bc25f9058293b04b7547",
   "6f43b597efea5d4c"],
  ["/Users/williamcochran/Desktop/measurement/lean/Measurement/Chapter1/Propositions.lean",
   "a089633d549fcf2e"],
  ["options", "00000000000006bb"],
  ["Module.leanArgs: #[]", "00000000000006bb"]],
 "depHash": "064ed7e5db1d1259"}