{"synthetic": false,
 "schemaVersion": "2025-09-10",
 "outputs":
 {"o": ["1657271045487812.olean"],
  "i": "b0f0f96bf0e98d05.ilean",
  "c": "803066804686b5ca.c"},
 "log":
 [{"message":
   ".> LEAN_PATH=/Users/williamcochran/Desktop/measurement/lean/.lake/packages/Cli/.lake/build/lib/lean:/Users/williamcochran/Desktop/measurement/lean/.lake/packages/batteries/.lake/build/lib/lean:/Users/williamcochran/Desktop/measurement/lean/.lake/packages/Qq/.lake/build/lib/lean:/Users/williamcochran/Desktop/measurement/lean/.lake/packages/aesop/.lake/build/lib/lean:/Users/williamcochran/Desktop/measurement/lean/.lake/packages/proofwidgets/.lake/build/lib/lean:/Users/williamcochran/Desktop/measurement/lean/.lake/packages/importGraph/.lake/build/lib/lean:/Users/williamcochran/Desktop/measurement/lean/.lake/packages/LeanSearchClient/.lake/build/lib/lean:/Users/williamcochran/Desktop/measurement/lean/.lake/packages/plausible/.lake/build/lib/lean:/Users/williamcochran/Desktop/measurement/lean/.lake/packages/mathlib/.lake/build/lib/lean:/Users/williamcochran/Desktop/measurement/lean/.lake/build/lib/lean /Users/williamcochran/.elan/toolchains/leanprover--lean4---v4.27.0-rc1/bin/lean /Users/williamcochran/Desktop/measurement/lean/Measurement/Chapter1/ZFC.lean -o /Users/williamcochran/Desktop/measurement/lean/.lake/build/lib/lean/Measurement/Chapter1/ZFC.olean -i /Users/williamcochran/Desktop/measurement/lean/.lake/build/lib/lean/Measurement/Chapter1/ZFC.ilean -c /Users/williamcochran/Desktop/measurement/lean/.lake/build/ir/Measurement/Chapter1/ZFC.c --setup /Users/williamcochran/Desktop/measurement/lean/.lake/build/ir/Measurement/Chapter1/ZFC.setup.json --json",
   "level": "trace"}],
 "inputs":
 [["Measurement.Chapter1.ZFC:deps",
   [["deps",
     [["measurement/Measurement:extraDep",
       [["@measurement:extraDep", "00000000000006bb"]]],
      ["imports", "00000000000006bb"]]],
    ["libs",
     [["import dynlibs", "00000000000006bb"],
      ["package external libraries", "00000000000006bb"],
      ["module dynlibs", "00000000000006bb"],
      ["module plugins", "00000000000006bb"]]]]],
  ["Lean 4.27.0, commit 2fcce7258eeb6e324366bc25f9058293b04b7547",
   "6f43b597efea5d4c"],
  ["/Users/williamcochran/Desktop/measurement/lean/Measurement/Chapter1/ZFC.lean",
   "a570102c4602d2ab"],
  ["options", "00000000000006bb"],
  ["Module.leanArgs: #[]", "00000000000006bb"]],
 "depHash": "11118996895f2223"}