{"synthetic": false,
 "schemaVersion": "2025-09-10",
 "outputs":
 {"o": ["1a3e5d296ed47959.olean"],
  "i": "a969288fd943fe34.ilean",
  "c": "52105b14dbddbc5e.c"},
 "log":
 [{"message":
   ".> LEAN_PATH=/Users/williamcochran/Desktop/measurement/device/.lake/packages/Cli/.lake/build/lib/lean:/Users/williamcochran/Desktop/measurement/device/.lake/packages/batteries/.lake/build/lib/lean:/Users/williamcochran/Desktop/measurement/device/.lake/packages/Qq/.lake/build/lib/lean:/Users/williamcochran/Desktop/measurement/device/.lake/packages/aesop/.lake/build/lib/lean:/Users/williamcochran/Desktop/measurement/device/.lake/packages/proofwidgets/.lake/build/lib/lean:/Users/williamcochran/Desktop/measurement/device/.lake/packages/importGraph/.lake/build/lib/lean:/Users/williamcochran/Desktop/measurement/device/.lake/packages/LeanSearchClient/.lake/build/lib/lean:/Users/williamcochran/Desktop/measurement/device/.lake/packages/plausible/.lake/build/lib/lean:/Users/williamcochran/Desktop/measurement/device/.lake/packages/mathlib/.lake/build/lib/lean:/Users/williamcochran/Desktop/measurement/device/.lake/build/lib/lean /Users/williamcochran/.elan/toolchains/leanprover--lean4---v4.27.0-rc1/bin/lean /Users/williamcochran/Desktop/measurement/device/Measurement/Chapter2/Constructions.lean -o /Users/williamcochran/Desktop/measurement/device/.lake/build/lib/lean/Measurement/Chapter2/Constructions.olean -i /Users/williamcochran/Desktop/measurement/device/.lake/build/lib/lean/Measurement/Chapter2/Constructions.ilean -c /Users/williamcochran/Desktop/measurement/device/.lake/build/ir/Measurement/Chapter2/Constructions.c --setup /Users/williamcochran/Desktop/measurement/device/.lake/build/ir/Measurement/Chapter2/Constructions.setup.json --json",
   "level": "trace"}],
 "inputs":
 [["Measurement.Chapter2.Constructions:deps",
   [["deps",
     [["measurement/Measurement:extraDep",
       [["@measurement:extraDep", "00000000000006bb"]]],
      ["imports",
       [["Measurement.Chapter2.ZFC transitive imports (legacy)",
         "6865092df6e609c1"],
        ["Measurement.Chapter2.ZFC:importAllArts", "48689118781b64b9"]]]]],
    ["libs",
     [["import dynlibs", "00000000000006bb"],
      ["package external libraries", "00000000000006bb"],
      ["module dynlibs", "00000000000006bb"],
      ["module plugins", "00000000000006bb"]]]]],
  ["Lean 4.27.0, commit 2fcce7258eeb6e324366bc25f9058293b04b7547",
   "6f43b597efea5d4c"],
  ["/Users/williamcochran/Desktop/measurement/device/Measurement/Chapter2/Constructions.lean",
   "d770524783db0299"],
  ["options", "00000000000006bb"],
  ["Module.leanArgs: #[]", "00000000000006bb"]],
 "depHash": "32318e16bf803be9"}