{"synthetic": false,
 "schemaVersion": "2025-09-10",
 "outputs":
 {"o": ["bb47f65809a09762.olean"],
  "i": "1381f518d099ec4e.ilean",
  "c": "a9b7111150bbfa49.c"},
 "log":
 [{"message":
   ".> LEAN_PATH=/Users/williamcochran/Desktop/measurement/lean/.lake/packages/Cli/.lake/build/lib/lean:/Users/williamcochran/Desktop/measurement/lean/.lake/packages/batteries/.lake/build/lib/lean:/Users/williamcochran/Desktop/measurement/lean/.lake/packages/Qq/.lake/build/lib/lean:/Users/williamcochran/Desktop/measurement/lean/.lake/packages/aesop/.lake/build/lib/lean:/Users/williamcochran/Desktop/measurement/lean/.lake/packages/proofwidgets/.lake/build/lib/lean:/Users/williamcochran/Desktop/measurement/lean/.lake/packages/importGraph/.lake/build/lib/lean:/Users/williamcochran/Desktop/measurement/lean/.lake/packages/LeanSearchClient/.lake/build/lib/lean:/Users/williamcochran/Desktop/measurement/lean/.lake/packages/plausible/.lake/build/lib/lean:/Users/williamcochran/Desktop/measurement/lean/.lake/packages/mathlib/.lake/build/lib/lean:/Users/williamcochran/Desktop/measurement/lean/.lake/build/lib/lean /Users/williamcochran/.elan/toolchains/leanprover--lean4---v4.27.0-rc1/bin/lean /Users/williamcochran/Desktop/measurement/lean/Measurement/Chapter2/Definitions.lean -o /Users/williamcochran/Desktop/measurement/lean/.lake/build/lib/lean/Measurement/Chapter2/Definitions.olean -i /Users/williamcochran/Desktop/measurement/lean/.lake/build/lib/lean/Measurement/Chapter2/Definitions.ilean -c /Users/williamcochran/Desktop/measurement/lean/.lake/build/ir/Measurement/Chapter2/Definitions.c --setup /Users/williamcochran/Desktop/measurement/lean/.lake/build/ir/Measurement/Chapter2/Definitions.setup.json --json",
   "level": "trace"}],
 "inputs":
 [["Measurement.Chapter2.Definitions:deps",
   [["deps",
     [["measurement/Measurement:extraDep",
       [["@measurement:extraDep", "00000000000006bb"]]],
      ["imports",
       [["Measurement.Chapter2.Constructions transitive imports (legacy)",
         "0cfb61096a681805"],
        ["Measurement.Chapter2.Constructions:importAllArts",
         "c2fc761098a44224"]]]]],
    ["libs",
     [["import dynlibs", "00000000000006bb"],
      ["package external libraries", "00000000000006bb"],
      ["module dynlibs", "00000000000006bb"],
      ["module plugins", "00000000000006bb"]]]]],
  ["Lean 4.27.0, commit 2fcce7258eeb6e324366bc25f9058293b04b7547",
   "6f43b597efea5d4c"],
  ["/Users/williamcochran/Desktop/measurement/lean/Measurement/Chapter2/Definitions.lean",
   "9780b4ce312178a8"],
  ["options", "00000000000006bb"],
  ["Module.leanArgs: #[]", "00000000000006bb"]],
 "depHash": "a6da7b65af132554"}