{"synthetic": false,
 "schemaVersion": "2025-09-10",
 "outputs":
 {"o": ["b396a1fa6d5cf34b.olean"],
  "i": "4cdb498116e316a1.ilean",
  "c": "df7c160a70036a72.c"},
 "log":
 [{"message":
   ".> LEAN_PATH=/Users/williamcochran/Desktop/measurement/lean/.lake/packages/Cli/.lake/build/lib/lean:/Users/williamcochran/Desktop/measurement/lean/.lake/packages/batteries/.lake/build/lib/lean:/Users/williamcochran/Desktop/measurement/lean/.lake/packages/Qq/.lake/build/lib/lean:/Users/williamcochran/Desktop/measurement/lean/.lake/packages/aesop/.lake/build/lib/lean:/Users/williamcochran/Desktop/measurement/lean/.lake/packages/proofwidgets/.lake/build/lib/lean:/Users/williamcochran/Desktop/measurement/lean/.lake/packages/importGraph/.lake/build/lib/lean:/Users/williamcochran/Desktop/measurement/lean/.lake/packages/LeanSearchClient/.lake/build/lib/lean:/Users/williamcochran/Desktop/measurement/lean/.lake/packages/plausible/.lake/build/lib/lean:/Users/williamcochran/Desktop/measurement/lean/.lake/packages/mathlib/.lake/build/lib/lean:/Users/williamcochran/Desktop/measurement/lean/.lake/build/lib/lean /Users/williamcochran/.elan/toolchains/leanprover--lean4---v4.27.0-rc1/bin/lean /Users/williamcochran/Desktop/measurement/lean/Measurement/Chapter2/ZFC.lean -o /Users/williamcochran/Desktop/measurement/lean/.lake/build/lib/lean/Measurement/Chapter2/ZFC.olean -i /Users/williamcochran/Desktop/measurement/lean/.lake/build/lib/lean/Measurement/Chapter2/ZFC.ilean -c /Users/williamcochran/Desktop/measurement/lean/.lake/build/ir/Measurement/Chapter2/ZFC.c --setup /Users/williamcochran/Desktop/measurement/lean/.lake/build/ir/Measurement/Chapter2/ZFC.setup.json --json",
   "level": "trace"}],
 "inputs":
 [["Measurement.Chapter2.ZFC:deps",
   [["deps",
     [["measurement/Measurement:extraDep",
       [["@measurement:extraDep", "00000000000006bb"]]],
      ["imports",
       [["Measurement.Chapter1.Propositions transitive imports (legacy)",
         "0bf984394e0ad327"],
        ["Measurement.Chapter1.Propositions:importAllArts", "e34b186189b0f160"],
        ["Mathlib.Data.Set.Basic transitive imports (legacy)",
         "01a35d2cb7a90400"],
        ["Mathlib.Data.Set.Basic:importAllArts", "a8ef7fbd37e488cd"],
        ["Mathlib.Data.Real.Archimedean transitive imports (legacy)",
         "e1eaec3f83dd826f"],
        ["Mathlib.Data.Real.Archimedean:importAllArts", "bfcd4c72385a0807"],
        ["Mathlib.Data.Finset.Basic transitive imports (legacy)",
         "3d90f61c1dd555f7"],
        ["Mathlib.Data.Finset.Basic:importAllArts", "20f28e975c46789f"]]]]],
    ["libs",
     [["import dynlibs", "00000000000006bb"],
      ["package external libraries", "00000000000006bb"],
      ["module dynlibs", "00000000000006bb"],
      ["module plugins", "00000000000006bb"]]]]],
  ["Lean 4.27.0, commit 2fcce7258eeb6e324366bc25f9058293b04b7547",
   "6f43b597efea5d4c"],
  ["/Users/williamcochran/Desktop/measurement/lean/Measurement/Chapter2/ZFC.lean",
   "bde0e454efb800b6"],
  ["options", "00000000000006bb"],
  ["Module.leanArgs: #[]", "00000000000006bb"]],
 "depHash": "eb3decd480983d79"}